[debug] [2025-07-04T16:09:51.101Z] ----------------------------------------------------------------------
[debug] [2025-07-04T16:09:51.105Z] Command:       C:\Program Files\nodejs\node.exe C:\Users\maluk\AppData\Roaming\npm\node_modules\firebase-tools\lib\bin\firebase.js init
[debug] [2025-07-04T16:09:51.106Z] CLI Version:   14.9.0
[debug] [2025-07-04T16:09:51.106Z] Platform:      win32
[debug] [2025-07-04T16:09:51.106Z] Node Version:  v20.17.0
[debug] [2025-07-04T16:09:51.106Z] Time:          Fri Jul 04 2025 18:09:51 GMT+0200 (South Africa Standard Time)
[debug] [2025-07-04T16:09:51.106Z] ----------------------------------------------------------------------
[debug] 
[debug] [2025-07-04T16:09:51.113Z] > command requires scopes: ["email","openid","https://www.googleapis.com/auth/cloudplatformprojects.readonly","https://www.googleapis.com/auth/firebase","https://www.googleapis.com/auth/cloud-platform"]
[debug] [2025-07-04T16:09:51.114Z] > authorizing via signed-in user (malukanelani@gmail.com)
[info] 
     ######## #### ########  ######## ########     ###     ######  ########
     ##        ##  ##     ## ##       ##     ##  ##   ##  ##       ##
     ######    ##  ########  ######   ########  #########  ######  ######
     ##        ##  ##    ##  ##       ##     ## ##     ##       ## ##
     ##       #### ##     ## ######## ########  ##     ##  ######  ########

You're about to initialize a Firebase project in this directory:

  C:\Users\maluk\Videos\Full-Stack-Web-Apps\WeatherApp\weatherapp\Frontend

[info] 
=== Project Setup
[info] 
[info] First, let's associate this project directory with a Firebase project.
[info] You can create multiple project aliases by running firebase use --add, 
[info] but for now we'll just set up a default project.
[info] 
[debug] [2025-07-04T16:10:17.664Z] Checked if tokens are valid: true, expires at: 1751648708430
[debug] [2025-07-04T16:10:17.665Z] Checked if tokens are valid: true, expires at: 1751648708430
[debug] [2025-07-04T16:10:17.668Z] >>> [apiv2][query] GET https://firebase.googleapis.com/v1beta1/projects pageSize=100
[debug] [2025-07-04T16:10:18.952Z] <<< [apiv2][status] GET https://firebase.googleapis.com/v1beta1/projects 200
[debug] [2025-07-04T16:10:18.952Z] <<< [apiv2][body] GET https://firebase.googleapis.com/v1beta1/projects [omitted]
[debug] [2025-07-04T16:10:42.212Z] ExitPromptError: User force closed the prompt with SIGINT
    at Interface.sigint (C:\Users\maluk\AppData\Roaming\npm\node_modules\firebase-tools\node_modules\@inquirer\core\dist\commonjs\lib\create-prompt.js:101:37)
    at Interface.emit (node:events:519:28)
    at Interface.emit (node:domain:488:12)
    at [_ttyWrite] [as _ttyWrite] (node:internal/readline/interface:1126:18)
    at ReadStream.onkeypress (node:internal/readline/interface:265:20)
    at ReadStream.emit (node:events:531:35)
    at ReadStream.emit (node:domain:488:12)
    at emitKeys (node:internal/readline/utils:371:14)
    at emitKeys.next (<anonymous>)
    at ReadStream.onData (node:internal/readline/emitKeypressEvents:64:36)
[error] 
[error] Error: An unexpected error has occurred.
[debug] [2025-07-04T16:10:47.527Z] ----------------------------------------------------------------------
[debug] [2025-07-04T16:10:47.531Z] Command:       C:\Program Files\nodejs\node.exe C:\Users\maluk\AppData\Roaming\npm\node_modules\firebase-tools\lib\bin\firebase.js init
[debug] [2025-07-04T16:10:47.531Z] CLI Version:   14.9.0
[debug] [2025-07-04T16:10:47.532Z] Platform:      win32
[debug] [2025-07-04T16:10:47.532Z] Node Version:  v20.17.0
[debug] [2025-07-04T16:10:47.532Z] Time:          Fri Jul 04 2025 18:10:47 GMT+0200 (South Africa Standard Time)
[debug] [2025-07-04T16:10:47.532Z] ----------------------------------------------------------------------
[debug] 
[debug] [2025-07-04T16:10:47.540Z] > command requires scopes: ["email","openid","https://www.googleapis.com/auth/cloudplatformprojects.readonly","https://www.googleapis.com/auth/firebase","https://www.googleapis.com/auth/cloud-platform"]
[debug] [2025-07-04T16:10:47.540Z] > authorizing via signed-in user (malukanelani@gmail.com)
[info] 
     ######## #### ########  ######## ########     ###     ######  ########
     ##        ##  ##     ## ##       ##     ##  ##   ##  ##       ##
     ######    ##  ########  ######   ########  #########  ######  ######
     ##        ##  ##    ##  ##       ##     ## ##     ##       ## ##
     ##       #### ##     ## ######## ########  ##     ##  ######  ########

You're about to initialize a Firebase project in this directory:

  C:\Users\maluk\Videos\Full-Stack-Web-Apps\WeatherApp\weatherapp\Frontend

[info] 
=== Project Setup
[info] 
[info] First, let's associate this project directory with a Firebase project.
[info] You can create multiple project aliases by running firebase use --add, 
[info] but for now we'll just set up a default project.
[info] 
[info] i  If you want to create a project in a Google Cloud organization or folder, please use "firebase projects:create" instead, and return to this command when you've created the project. 
[debug] [2025-07-04T16:11:02.889Z] Checked if tokens are valid: true, expires at: 1751648708430
[debug] [2025-07-04T16:11:02.889Z] Checked if tokens are valid: true, expires at: 1751648708430
[debug] [2025-07-04T16:11:02.892Z] >>> [apiv2][query] POST https://firebase.googleapis.com/v1/projects:checkProjectId [none]
[debug] [2025-07-04T16:11:02.893Z] >>> [apiv2][body] POST https://firebase.googleapis.com/v1/projects:checkProjectId {"proposedId":"weather-app"}
[debug] [2025-07-04T16:11:03.801Z] <<< [apiv2][status] POST https://firebase.googleapis.com/v1/projects:checkProjectId 200
[debug] [2025-07-04T16:11:03.802Z] <<< [apiv2][body] POST https://firebase.googleapis.com/v1/projects:checkProjectId {"projectIdStatus":"PROJECT_ID_UNAVAILABLE","suggestedProjectId":"weather-app-4f98b"}
[debug] [2025-07-04T16:11:11.750Z] ExitPromptError: User force closed the prompt with SIGINT
    at Interface.sigint (C:\Users\maluk\AppData\Roaming\npm\node_modules\firebase-tools\node_modules\@inquirer\core\dist\commonjs\lib\create-prompt.js:101:37)
    at Interface.emit (node:events:519:28)
    at Interface.emit (node:domain:488:12)
    at [_ttyWrite] [as _ttyWrite] (node:internal/readline/interface:1126:18)
    at ReadStream.onkeypress (node:internal/readline/interface:265:20)
    at ReadStream.emit (node:events:531:35)
    at ReadStream.emit (node:domain:488:12)
    at emitKeys (node:internal/readline/utils:371:14)
    at emitKeys.next (<anonymous>)
    at ReadStream.onData (node:internal/readline/emitKeypressEvents:64:36)
[error] 
[error] Error: An unexpected error has occurred.
